==10805== Memcheck, a memory error detector
==10805== Copyright (C) 2002-2017, and GNU GPL'd, by Julian Seward et al.
==10805== Using Valgrind-3.15.0 and LibVEX; rerun with -h for copyright info
==10805== Command: ./a.out
==10805== Parent PID: 4678
==10805== 
--10805-- run: /usr/bin/dsymutil "./a.out"
==10820== 
==10820== HEAP SUMMARY:
==10820==     in use at exit: 34,064 bytes in 246 blocks
==10820==   total heap usage: 331 allocs, 85 frees, 44,217 bytes allocated
==10820== 
==10820== 72 bytes in 3 blocks are possibly lost in loss record 47 of 77
==10820==    at 0x1000B06EA: calloc (in /usr/local/Cellar/valgrind/3.15.0/lib/valgrind/vgpreload_memcheck-amd64-darwin.so)
==10820==    by 0x10075A7E2: map_images_nolock (in /usr/lib/libobjc.A.dylib)
==10820==    by 0x10076D7DA: objc_object::sidetable_retainCount() (in /usr/lib/libobjc.A.dylib)
==10820==    by 0x10000BC64: dyld::notifyBatchPartial(dyld_image_states, bool, char const* (*)(dyld_image_states, unsigned int, dyld_image_info const*), bool, bool) (in /usr/lib/dyld)
==10820==    by 0x10000BE39: dyld::registerObjCNotifiers(void (*)(unsigned int, char const* const*, mach_header const* const*), void (*)(char const*, mach_header const*), void (*)(char const*, mach_header const*)) (in /usr/lib/dyld)
==10820==    by 0x10022571D: _dyld_objc_notify_register (in /usr/lib/system/libdyld.dylib)
==10820==    by 0x10075A075: _objc_init (in /usr/lib/libobjc.A.dylib)
==10820==    by 0x1001AFB34: _os_object_init (in /usr/lib/system/libdispatch.dylib)
==10820==    by 0x1001AFB1B: libdispatch_init (in /usr/lib/system/libdispatch.dylib)
==10820==    by 0x1000BE9C2: libSystem_initializer (in /usr/lib/libSystem.B.dylib)
==10820==    by 0x10001DAC5: ImageLoaderMachO::doModInitFunctions(ImageLoader::LinkContext const&) (in /usr/lib/dyld)
==10820==    by 0x10001DCF5: ImageLoaderMachO::doInitialization(ImageLoader::LinkContext const&) (in /usr/lib/dyld)
==10820== 
==10820== 2,064 (16 direct, 2,048 indirect) bytes in 1 blocks are definitely lost in loss record 72 of 77
==10820==    at 0x1000B0086: malloc (in /usr/local/Cellar/valgrind/3.15.0/lib/valgrind/vgpreload_memcheck-amd64-darwin.so)
==10820==    by 0x1005FB139: _nc_table_new (in /usr/lib/system/libsystem_notify.dylib)
==10820==    by 0x1005F715A: _notify_init_globals (in /usr/lib/system/libsystem_notify.dylib)
==10820==    by 0x100654EFF: _os_once (in /usr/lib/system/libsystem_platform.dylib)
==10820==    by 0x100654ED3: _os_alloc_once (in /usr/lib/system/libsystem_platform.dylib)
==10820==    by 0x1005F722E: _notify_fork_child (in /usr/lib/system/libsystem_notify.dylib)
==10820==    by 0x1000BEB12: libSystem_atfork_child (in /usr/lib/libSystem.B.dylib)
==10820==    by 0x1002BA682: fork (in /usr/lib/system/libsystem_c.dylib)
==10820==    by 0x100000B80: executor (in ./a.out)
==10820==    by 0x1000018DE: minishell (in ./a.out)
==10820==    by 0x100000AAF: next_exec (in ./a.out)
==10820==    by 0x100000BD4: commands (in ./a.out)
==10820== 
==10820== 2,064 (16 direct, 2,048 indirect) bytes in 1 blocks are definitely lost in loss record 73 of 77
==10820==    at 0x1000B0086: malloc (in /usr/local/Cellar/valgrind/3.15.0/lib/valgrind/vgpreload_memcheck-amd64-darwin.so)
==10820==    by 0x1005FB139: _nc_table_new (in /usr/lib/system/libsystem_notify.dylib)
==10820==    by 0x1005F716B: _notify_init_globals (in /usr/lib/system/libsystem_notify.dylib)
==10820==    by 0x100654EFF: _os_once (in /usr/lib/system/libsystem_platform.dylib)
==10820==    by 0x100654ED3: _os_alloc_once (in /usr/lib/system/libsystem_platform.dylib)
==10820==    by 0x1005F722E: _notify_fork_child (in /usr/lib/system/libsystem_notify.dylib)
==10820==    by 0x1000BEB12: libSystem_atfork_child (in /usr/lib/libSystem.B.dylib)
==10820==    by 0x1002BA682: fork (in /usr/lib/system/libsystem_c.dylib)
==10820==    by 0x100000B80: executor (in ./a.out)
==10820==    by 0x1000018DE: minishell (in ./a.out)
==10820==    by 0x100000AAF: next_exec (in ./a.out)
==10820==    by 0x100000BD4: commands (in ./a.out)
==10820== 
==10820== LEAK SUMMARY:
==10820==    definitely lost: 32 bytes in 2 blocks
==10820==    indirectly lost: 4,096 bytes in 2 blocks
==10820==      possibly lost: 72 bytes in 3 blocks
==10820==    still reachable: 2,097 bytes in 72 blocks
==10820==         suppressed: 27,767 bytes in 167 blocks
==10820== Reachable blocks (those to which a pointer was found) are not shown.
==10820== To see them, rerun with: --leak-check=full --show-leak-kinds=all
==10820== 
==10820== For lists of detected and suppressed errors, rerun with: -s
==10820== ERROR SUMMARY: 3 errors from 3 contexts (suppressed: 13 from 13)
==10805== 
==10805== HEAP SUMMARY:
==10805==     in use at exit: 25,499 bytes in 282 blocks
==10805==   total heap usage: 401 allocs, 119 frees, 34,634 bytes allocated
==10805== 
==10805== 72 bytes in 3 blocks are possibly lost in loss record 54 of 81
==10805==    at 0x1000B06EA: calloc (in /usr/local/Cellar/valgrind/3.15.0/lib/valgrind/vgpreload_memcheck-amd64-darwin.so)
==10805==    by 0x10075A7E2: map_images_nolock (in /usr/lib/libobjc.A.dylib)
==10805==    by 0x10076D7DA: objc_object::sidetable_retainCount() (in /usr/lib/libobjc.A.dylib)
==10805==    by 0x10000BC64: dyld::notifyBatchPartial(dyld_image_states, bool, char const* (*)(dyld_image_states, unsigned int, dyld_image_info const*), bool, bool) (in /usr/lib/dyld)
==10805==    by 0x10000BE39: dyld::registerObjCNotifiers(void (*)(unsigned int, char const* const*, mach_header const* const*), void (*)(char const*, mach_header const*), void (*)(char const*, mach_header const*)) (in /usr/lib/dyld)
==10805==    by 0x10022571D: _dyld_objc_notify_register (in /usr/lib/system/libdyld.dylib)
==10805==    by 0x10075A075: _objc_init (in /usr/lib/libobjc.A.dylib)
==10805==    by 0x1001AFB34: _os_object_init (in /usr/lib/system/libdispatch.dylib)
==10805==    by 0x1001AFB1B: libdispatch_init (in /usr/lib/system/libdispatch.dylib)
==10805==    by 0x1000BE9C2: libSystem_initializer (in /usr/lib/libSystem.B.dylib)
==10805==    by 0x10001DAC5: ImageLoaderMachO::doModInitFunctions(ImageLoader::LinkContext const&) (in /usr/lib/dyld)
==10805==    by 0x10001DCF5: ImageLoaderMachO::doInitialization(ImageLoader::LinkContext const&) (in /usr/lib/dyld)
==10805== 
==10805== LEAK SUMMARY:
==10805==    definitely lost: 0 bytes in 0 blocks
==10805==    indirectly lost: 0 bytes in 0 blocks
==10805==      possibly lost: 72 bytes in 3 blocks
==10805==    still reachable: 3,106 bytes in 124 blocks
==10805==         suppressed: 22,321 bytes in 155 blocks
==10805== Reachable blocks (those to which a pointer was found) are not shown.
==10805== To see them, rerun with: --leak-check=full --show-leak-kinds=all
==10805== 
==10805== For lists of detected and suppressed errors, rerun with: -s
==10805== ERROR SUMMARY: 1 errors from 1 contexts (suppressed: 12 from 12)
